9 [139796457227008] INFO perfrun.launcher <> - Launcher main begin
10 [139796457227008] INFO perfrun.launcher <> - MessageCatalogInit finished
10 [139796457227008] INFO perfrun.launcher <> - Launcher instance created
10 [139796457227008] INFO perfrun.launcher <> - argc = 6; cmdline = /opt/intel/oneapi/advisor/2024.0/bin64/advixe-runss -dump-vdso -r /home/esoc/KWANG/SparseAnalysis/v3_SparseAnalysis/advi_results/e000/hs001 --tmp-dir /tmp/advixe-tmp-esoc 
44 [139796457227008] INFO perfrun.launcher <> - create msngr2::ICliToolContext
44 [139796457227008] INFO perfrun.launcher <> - create file finder object
50 [139796331091712] INFO perfrun.launcher <> - plugin [remoteplug] was disabled because it doesn't support the given collection type.
50 [139796331091712] INFO perfrun.launcher <> - plugin [system] was disabled because it doesn't support the given collection type.
50 [139796331091712] INFO perfrun.vdso <> - dumping [vdso] pseudomodule
57 [139796331091712] INFO perfrun.launcher <> - plugin [itt] was disabled because it doesn't support the given collection type.
57 [139796331091712] INFO perfrun.launcher <> - plugin [] was disabled because it doesn't support the given collection type.
57 [139796331091712] INFO perfrun.launcher <> - plugin [gpu] was disabled because it doesn't support the given collection type.
57 [139796331091712] INFO perfrun.launcher <> - plugin [] was disabled because it doesn't support the given collection type.
57 [139796331091712] INFO perfrun.launcher <> - plugin [] was disabled because it doesn't support the given collection type.
57 [139796331091712] INFO perfrun.launcher <> - plugin [] was disabled because it doesn't support the given collection type.
57 [139796331091712] INFO perfrun.launcher <> - plugin [mrte] was disabled because it doesn't support the given collection type.
57 [139796331091712] INFO perfrun.launcher <> - plugin [] was disabled because it doesn't support the given collection type.
57 [139796331091712] INFO perfrun.launcher <> - plugin [] was disabled because it doesn't support the given collection type.
57 [139796331091712] INFO perfrun.launcher <> - plugin [] was disabled because it doesn't support the given collection type.
57 [139796331091712] INFO perfrun.launcher <> - plugin [] was disabled because it doesn't support the given collection type.
57 [139796331091712] INFO perfrun.launcher <> - plugin [] was disabled because it doesn't support the given collection type.
57 [139796331091712] INFO perfrun.launcher <> - plugin [] was disabled because it doesn't support the given collection type.
57 [139796331091712] INFO perfrun.launcher <> - plugin [] was disabled because it doesn't support the given collection type.
57 [139796331091712] INFO perfrun.launcher <> - plugin [tpss] was disabled because it doesn't support the given collection type.
57 [139796331091712] INFO perfrun.launcher <> - plugin [] was disabled because it doesn't support the given collection type.
57 [139796331091712] INFO perfrun.launcher <> - plugin [] was disabled because it doesn't support the given collection type.
57 [139796331091712] INFO perfrun.launcher <> - plugin [] was disabled because it doesn't support the given collection type.
57 [139796331091712] INFO perfrun.launcher <> - plugin [] was disabled because it doesn't support the given collection type.
57 [139796331091712] INFO perfrun.launcher <> - plugin [] was disabled because it doesn't support the given collection type.
57 [139796331091712] INFO perfrun.launcher <> - plugin [] was disabled because it doesn't support the given collection type.
57 [139796331091712] INFO perfrun.launcher <> - plugin [] was disabled because it doesn't support the given collection type.
57 [139796331091712] INFO perfrun.launcher <> - plugin [] was disabled because it doesn't support the given collection type.
57 [139796331091712] INFO perfrun.launcher <> - plugin [] was disabled because it doesn't support the given collection type.
57 [139796457227008] INFO perfrun.launcher <> - Application exit code: 0
57 [139796457227008] INFO perfrun.launcher <> - Exit code: 0
